[03-Sep-2013 10:08:54 UTC] PHP Warning:  include(includes/menu.inc) [<a href='function.include'>function.include</a>]: failed to open stream: No such file or directory in /var/www/web/dev/devel/editor/admin/index.php on line 4
[03-Sep-2013 10:08:54 UTC] PHP Warning:  include() [<a href='function.include'>function.include</a>]: Failed opening 'includes/menu.inc' for inclusion (include_path='.:/var/www/functions') in /var/www/web/dev/devel/editor/admin/index.php on line 4
[03-Sep-2013 10:08:54 UTC] PHP Warning:  include(includes/footer.inc) [<a href='function.include'>function.include</a>]: failed to open stream: No such file or directory in /var/www/web/dev/devel/editor/admin/index.php on line 20
[03-Sep-2013 10:08:54 UTC] PHP Warning:  include() [<a href='function.include'>function.include</a>]: Failed opening 'includes/footer.inc' for inclusion (include_path='.:/var/www/functions') in /var/www/web/dev/devel/editor/admin/index.php on line 20
[03-Sep-2013 12:12:59 UTC] PHP Warning:  include(../content/templ/main.inc) [<a href='function.include'>function.include</a>]: failed to open stream: No such file or directory in /var/www/web/dev/devel/editor/admin/index.php on line 16
[03-Sep-2013 12:12:59 UTC] PHP Warning:  include() [<a href='function.include'>function.include</a>]: Failed opening '../content/templ/main.inc' for inclusion (include_path='.:/var/www/functions') in /var/www/web/dev/devel/editor/admin/index.php on line 16
[03-Sep-2013 12:18:32 UTC] PHP Warning:  include(products.inc) [<a href='function.include'>function.include</a>]: failed to open stream: No such file or directory in /var/www/web/dev/devel/editor/admin/index.php on line 16
[03-Sep-2013 12:18:32 UTC] PHP Warning:  include() [<a href='function.include'>function.include</a>]: Failed opening 'products.inc' for inclusion (include_path='.:/var/www/functions') in /var/www/web/dev/devel/editor/admin/index.php on line 16
[03-Sep-2013 12:21:26 UTC] PHP Warning:  scandir(../content/templ/$_GET[section]/) [<a href='function.scandir'>function.scandir</a>]: failed to open dir: No such file or directory in /var/www/web/dev/devel/editor/admin/products.inc on line 3
[03-Sep-2013 12:21:26 UTC] PHP Warning:  scandir() [<a href='function.scandir'>function.scandir</a>]: (errno 2): No such file or directory in /var/www/web/dev/devel/editor/admin/products.inc on line 3
[03-Sep-2013 12:22:59 UTC] PHP Warning:  scandir(../content/templ/products/) [<a href='function.scandir'>function.scandir</a>]: failed to open dir: No such file or directory in /var/www/web/dev/devel/editor/admin/products.inc on line 4
[03-Sep-2013 12:22:59 UTC] PHP Warning:  scandir() [<a href='function.scandir'>function.scandir</a>]: (errno 2): No such file or directory in /var/www/web/dev/devel/editor/admin/products.inc on line 4
[03-Sep-2013 12:27:22 UTC] PHP Fatal error:  Cannot use [] for reading in /var/www/web/dev/devel/editor/admin/products.inc on line 6
[03-Sep-2013 12:27:32 UTC] PHP Fatal error:  Cannot use [] for reading in /var/www/web/dev/devel/editor/admin/products.inc on line 6
[03-Sep-2013 12:27:34 UTC] PHP Fatal error:  Cannot use [] for reading in /var/www/web/dev/devel/editor/admin/products.inc on line 6
[03-Sep-2013 12:59:19 UTC] PHP Warning:  include(../content/templ/products/page_view.inc) [<a href='function.include'>function.include</a>]: failed to open stream: No such file or directory in /var/www/web/dev/devel/editor/admin/page_view.inc on line 3
[03-Sep-2013 12:59:19 UTC] PHP Warning:  include() [<a href='function.include'>function.include</a>]: Failed opening '../content/templ/products/page_view.inc' for inclusion (include_path='.:/var/www/functions') in /var/www/web/dev/devel/editor/admin/page_view.inc on line 3
[03-Sep-2013 12:59:26 UTC] PHP Warning:  include(../content/templ/pages/page_view.inc) [<a href='function.include'>function.include</a>]: failed to open stream: No such file or directory in /var/www/web/dev/devel/editor/admin/page_view.inc on line 3
[03-Sep-2013 12:59:26 UTC] PHP Warning:  include() [<a href='function.include'>function.include</a>]: Failed opening '../content/templ/pages/page_view.inc' for inclusion (include_path='.:/var/www/functions') in /var/www/web/dev/devel/editor/admin/page_view.inc on line 3
[03-Sep-2013 13:00:01 UTC] PHP Warning:  include(../content/templ/pages/page1.inc.inc) [<a href='function.include'>function.include</a>]: failed to open stream: No such file or directory in /var/www/web/dev/devel/editor/admin/page_view.inc on line 3
[03-Sep-2013 13:00:01 UTC] PHP Warning:  include() [<a href='function.include'>function.include</a>]: Failed opening '../content/templ/pages/page1.inc.inc' for inclusion (include_path='.:/var/www/functions') in /var/www/web/dev/devel/editor/admin/page_view.inc on line 3
[03-Sep-2013 13:01:00 UTC] PHP Parse error:  syntax error, unexpected T_ECHO in /var/www/web/dev/devel/editor/admin/list.inc on line 8
[03-Sep-2013 13:01:35 UTC] PHP Warning:  include(../content/templ/pages/.inc) [<a href='function.include'>function.include</a>]: failed to open stream: No such file or directory in /var/www/web/dev/devel/editor/admin/page_view.inc on line 3
[03-Sep-2013 13:01:35 UTC] PHP Warning:  include() [<a href='function.include'>function.include</a>]: Failed opening '../content/templ/pages/.inc' for inclusion (include_path='.:/var/www/functions') in /var/www/web/dev/devel/editor/admin/page_view.inc on line 3
[03-Sep-2013 13:01:38 UTC] PHP Warning:  include(../content/templ/pages/page1.inc.inc) [<a href='function.include'>function.include</a>]: failed to open stream: No such file or directory in /var/www/web/dev/devel/editor/admin/page_view.inc on line 3
[03-Sep-2013 13:01:38 UTC] PHP Warning:  include() [<a href='function.include'>function.include</a>]: Failed opening '../content/templ/pages/page1.inc.inc' for inclusion (include_path='.:/var/www/functions') in /var/www/web/dev/devel/editor/admin/page_view.inc on line 3
[03-Sep-2013 13:02:50 UTC] PHP Warning:  basename() expects parameter 1 to be string, array given in /var/www/web/dev/devel/editor/admin/list.inc on line 5
[03-Sep-2013 13:47:28 UTC] PHP Warning:  include(../content/templ/products/img.inc) [<a href='function.include'>function.include</a>]: failed to open stream: No such file or directory in /var/www/web/dev/devel/editor/admin/products_view.inc on line 3
[03-Sep-2013 13:47:28 UTC] PHP Warning:  include() [<a href='function.include'>function.include</a>]: Failed opening '../content/templ/products/img.inc' for inclusion (include_path='.:/var/www/functions') in /var/www/web/dev/devel/editor/admin/products_view.inc on line 3
[05-Sep-2013 07:31:49 UTC] PHP Warning:  file_get_contents(../content/templ/pages/head/../content/templ/pages/page_1.inc) [<a href='function.file-get-contents'>function.file-get-contents</a>]: failed to open stream: No such file or directory in /var/www/web/dev/devel/editor/admin/list.inc on line 7
[05-Sep-2013 07:31:49 UTC] PHP Warning:  file_get_contents(../content/templ/pages/head/../content/templ/pages/page_2.inc) [<a href='function.file-get-contents'>function.file-get-contents</a>]: failed to open stream: No such file or directory in /var/www/web/dev/devel/editor/admin/list.inc on line 7
[05-Sep-2013 07:32:24 UTC] PHP Warning:  file_get_contents(../content/templ/pages/head/page_2.inc) [<a href='function.file-get-contents'>function.file-get-contents</a>]: failed to open stream: No such file or directory in /var/www/web/dev/devel/editor/admin/list.inc on line 7
[05-Sep-2013 07:33:17 UTC] PHP Warning:  file_get_contents(../content/templ/pages/head/page_2.inc) [<a href='function.file-get-contents'>function.file-get-contents</a>]: failed to open stream: No such file or directory in /var/www/web/dev/devel/editor/admin/list.inc on line 7
[05-Sep-2013 07:34:17 UTC] PHP Warning:  file_get_contents(../content/templ/pages/head/page_2.inc) [<a href='function.file-get-contents'>function.file-get-contents</a>]: failed to open stream: No such file or directory in /var/www/web/dev/devel/editor/admin/list.inc on line 7
[05-Sep-2013 07:36:36 UTC] PHP Warning:  file_get_contents() expects parameter 3 to be resource, integer given in /var/www/web/dev/devel/editor/admin/list.inc on line 7
[05-Sep-2013 07:36:36 UTC] PHP Warning:  file_get_contents() expects parameter 3 to be resource, integer given in /var/www/web/dev/devel/editor/admin/list.inc on line 7
[05-Sep-2013 07:37:09 UTC] PHP Warning:  file_get_contents() expects parameter 3 to be resource, integer given in /var/www/web/dev/devel/editor/admin/list.inc on line 7
[05-Sep-2013 07:37:09 UTC] PHP Warning:  file_get_contents() expects parameter 3 to be resource, integer given in /var/www/web/dev/devel/editor/admin/list.inc on line 7
[05-Sep-2013 07:37:34 UTC] PHP Warning:  file_get_contents(../content/templ/pages/head/page_2.inc) [<a href='function.file-get-contents'>function.file-get-contents</a>]: failed to open stream: No such file or directory in /var/www/web/dev/devel/editor/admin/list.inc on line 7
[05-Sep-2013 07:37:56 UTC] PHP Warning:  file_get_contents(../content/templ/pages/head/page_2.inc) [<a href='function.file-get-contents'>function.file-get-contents</a>]: failed to open stream: No such file or directory in /var/www/web/dev/devel/editor/admin/list.inc on line 7
[05-Sep-2013 07:38:10 UTC] PHP Warning:  file_get_contents(../content/templ/pages/head/page_2.inc) [<a href='function.file-get-contents'>function.file-get-contents</a>]: failed to open stream: No such file or directory in /var/www/web/dev/devel/editor/admin/list.inc on line 7
[05-Sep-2013 07:38:23 UTC] PHP Warning:  file_get_contents(../content/templ/pages/head/page_2.inc) [<a href='function.file-get-contents'>function.file-get-contents</a>]: failed to open stream: No such file or directory in /var/www/web/dev/devel/editor/admin/list.inc on line 7
[05-Sep-2013 07:38:27 UTC] PHP Warning:  file_get_contents(../content/templ/pages/head/page_2.inc) [<a href='function.file-get-contents'>function.file-get-contents</a>]: failed to open stream: No such file or directory in /var/www/web/dev/devel/editor/admin/list.inc on line 7
[05-Sep-2013 07:38:29 UTC] PHP Warning:  file_get_contents(../content/templ/products/head/prod1.inc) [<a href='function.file-get-contents'>function.file-get-contents</a>]: failed to open stream: No such file or directory in /var/www/web/dev/devel/editor/admin/list.inc on line 7
[05-Sep-2013 11:01:30 UTC] PHP Warning:  include(transaction/imagesave.inc) [<a href='function.include'>function.include</a>]: failed to open stream: No such file or directory in /var/www/web/dev/devel/editor/admin/transaction.php on line 3
[05-Sep-2013 11:01:30 UTC] PHP Warning:  include() [<a href='function.include'>function.include</a>]: Failed opening 'transaction/imagesave.inc' for inclusion (include_path='.:/var/www/functions:/var/www/include') in /var/www/web/dev/devel/editor/admin/transaction.php on line 3
[05-Sep-2013 11:04:03 UTC] PHP Warning:  include(transaction/imagesave.inc) [<a href='function.include'>function.include</a>]: failed to open stream: No such file or directory in /var/www/web/dev/devel/editor/admin/transaction.php on line 3
[05-Sep-2013 11:04:03 UTC] PHP Warning:  include() [<a href='function.include'>function.include</a>]: Failed opening 'transaction/imagesave.inc' for inclusion (include_path='.:/var/www/functions:/var/www/include') in /var/www/web/dev/devel/editor/admin/transaction.php on line 3
[05-Sep-2013 11:08:58 UTC] PHP Warning:  include(transaction/imagesave.inc) [<a href='function.include'>function.include</a>]: failed to open stream: No such file or directory in /var/www/web/dev/devel/editor/admin/transaction.php on line 3
[05-Sep-2013 11:08:58 UTC] PHP Warning:  include() [<a href='function.include'>function.include</a>]: Failed opening 'transaction/imagesave.inc' for inclusion (include_path='.:/var/www/functions:/var/www/include') in /var/www/web/dev/devel/editor/admin/transaction.php on line 3
[05-Sep-2013 11:09:26 UTC] PHP Warning:  include(transaction/imagesave.inc) [<a href='function.include'>function.include</a>]: failed to open stream: No such file or directory in /var/www/web/dev/devel/editor/admin/transaction.php on line 3
[05-Sep-2013 11:09:26 UTC] PHP Warning:  include() [<a href='function.include'>function.include</a>]: Failed opening 'transaction/imagesave.inc' for inclusion (include_path='.:/var/www/functions:/var/www/include') in /var/www/web/dev/devel/editor/admin/transaction.php on line 3
[05-Sep-2013 11:09:36 UTC] PHP Warning:  include(transaction/imagesave.inc) [<a href='function.include'>function.include</a>]: failed to open stream: No such file or directory in /var/www/web/dev/devel/editor/admin/transaction.php on line 3
[05-Sep-2013 11:09:36 UTC] PHP Warning:  include() [<a href='function.include'>function.include</a>]: Failed opening 'transaction/imagesave.inc' for inclusion (include_path='.:/var/www/functions:/var/www/include') in /var/www/web/dev/devel/editor/admin/transaction.php on line 3
[05-Sep-2013 11:09:44 UTC] PHP Warning:  include(transaction/imagesave.inc) [<a href='function.include'>function.include</a>]: failed to open stream: No such file or directory in /var/www/web/dev/devel/editor/admin/transaction.php on line 3
[05-Sep-2013 11:09:44 UTC] PHP Warning:  include() [<a href='function.include'>function.include</a>]: Failed opening 'transaction/imagesave.inc' for inclusion (include_path='.:/var/www/functions:/var/www/include') in /var/www/web/dev/devel/editor/admin/transaction.php on line 3
[05-Sep-2013 11:14:35 UTC] PHP Warning:  move_uploaded_file(/var/www/web/dev/devel/editor/admin/transaction/../templ/products/img//141591.jpg) [<a href='function.move-uploaded-file'>function.move-uploaded-file</a>]: failed to open stream: No such file or directory in /var/www/web/dev/devel/editor/admin/transaction/imagesave.inc on line 16
[05-Sep-2013 11:14:35 UTC] PHP Warning:  move_uploaded_file() [<a href='function.move-uploaded-file'>function.move-uploaded-file</a>]: Unable to move '/tmp/phpZt3Sy5' to '/var/www/web/dev/devel/editor/admin/transaction/../templ/products/img//141591.jpg' in /var/www/web/dev/devel/editor/admin/transaction/imagesave.inc on line 16
[05-Sep-2013 11:15:45 UTC] PHP Warning:  move_uploaded_file(/var/www/web/dev/devel/editor/admin/transaction/../content/templ/products/img//141591.jpg) [<a href='function.move-uploaded-file'>function.move-uploaded-file</a>]: failed to open stream: No such file or directory in /var/www/web/dev/devel/editor/admin/transaction/imagesave.inc on line 15
[05-Sep-2013 11:15:45 UTC] PHP Warning:  move_uploaded_file() [<a href='function.move-uploaded-file'>function.move-uploaded-file</a>]: Unable to move '/tmp/php1Dk8C5' to '/var/www/web/dev/devel/editor/admin/transaction/../content/templ/products/img//141591.jpg' in /var/www/web/dev/devel/editor/admin/transaction/imagesave.inc on line 15
[05-Sep-2013 11:17:57 UTC] PHP Warning:  move_uploaded_file(/var/www/web/dev/devel/editor/admin/transaction/../content/templ/products/img//CampDegerCollage.jpg) [<a href='function.move-uploaded-file'>function.move-uploaded-file</a>]: failed to open stream: No such file or directory in /var/www/web/dev/devel/editor/admin/transaction/imagesave.inc on line 15
[05-Sep-2013 11:17:57 UTC] PHP Warning:  move_uploaded_file() [<a href='function.move-uploaded-file'>function.move-uploaded-file</a>]: Unable to move '/tmp/phprPOiJ4' to '/var/www/web/dev/devel/editor/admin/transaction/../content/templ/products/img//CampDegerCollage.jpg' in /var/www/web/dev/devel/editor/admin/transaction/imagesave.inc on line 15
[05-Sep-2013 11:20:27 UTC] PHP Warning:  move_uploaded_file(/var/www/web/dev/devel/editor/admin/transaction/uploads/141591.jpg) [<a href='function.move-uploaded-file'>function.move-uploaded-file</a>]: failed to open stream: No such file or directory in /var/www/web/dev/devel/editor/admin/transaction/imagesave.inc on line 15
[05-Sep-2013 11:20:27 UTC] PHP Warning:  move_uploaded_file() [<a href='function.move-uploaded-file'>function.move-uploaded-file</a>]: Unable to move '/tmp/phpOfAdJe' to '/var/www/web/dev/devel/editor/admin/transaction/uploads/141591.jpg' in /var/www/web/dev/devel/editor/admin/transaction/imagesave.inc on line 15
[05-Sep-2013 11:22:05 UTC] PHP Warning:  move_uploaded_file(/var/www/web/dev/devel/editor/admin/transaction/uploads/CampDegerCollage.jpg) [<a href='function.move-uploaded-file'>function.move-uploaded-file</a>]: failed to open stream: No such file or directory in /var/www/web/dev/devel/editor/admin/transaction/imagesave.inc on line 15
[05-Sep-2013 11:22:05 UTC] PHP Warning:  move_uploaded_file() [<a href='function.move-uploaded-file'>function.move-uploaded-file</a>]: Unable to move '/tmp/phpqZg17K' to '/var/www/web/dev/devel/editor/admin/transaction/uploads/CampDegerCollage.jpg' in /var/www/web/dev/devel/editor/admin/transaction/imagesave.inc on line 15
[05-Sep-2013 11:41:31 UTC] PHP Warning:  move_uploaded_file(/var/www/web/dev/devel/editor/admin/transaction/uploads/141591.jpg) [<a href='function.move-uploaded-file'>function.move-uploaded-file</a>]: failed to open stream: No such file or directory in /var/www/web/dev/devel/editor/admin/transaction/imagesave.inc on line 15
[05-Sep-2013 11:41:31 UTC] PHP Warning:  move_uploaded_file() [<a href='function.move-uploaded-file'>function.move-uploaded-file</a>]: Unable to move '/tmp/php2RzSs6' to '/var/www/web/dev/devel/editor/admin/transaction/uploads/141591.jpg' in /var/www/web/dev/devel/editor/admin/transaction/imagesave.inc on line 15
[05-Sep-2013 11:42:41 UTC] PHP Warning:  move_uploaded_file(/var/www/web/dev/devel/editor/admin/transaction/uploads/CampDegerCollage.jpg) [<a href='function.move-uploaded-file'>function.move-uploaded-file</a>]: failed to open stream: No such file or directory in /var/www/web/dev/devel/editor/admin/transaction/imagesave.inc on line 15
[05-Sep-2013 11:42:41 UTC] PHP Warning:  move_uploaded_file() [<a href='function.move-uploaded-file'>function.move-uploaded-file</a>]: Unable to move '/tmp/phpUaPHdJ' to '/var/www/web/dev/devel/editor/admin/transaction/uploads/CampDegerCollage.jpg' in /var/www/web/dev/devel/editor/admin/transaction/imagesave.inc on line 15
[05-Sep-2013 11:43:30 UTC] PHP Warning:  include(transaction/prodsave.inc) [<a href='function.include'>function.include</a>]: failed to open stream: No such file or directory in /var/www/web/dev/devel/editor/admin/transaction.php on line 3
[05-Sep-2013 11:43:30 UTC] PHP Warning:  include() [<a href='function.include'>function.include</a>]: Failed opening 'transaction/prodsave.inc' for inclusion (include_path='.:/var/www/functions:/var/www/include') in /var/www/web/dev/devel/editor/admin/transaction.php on line 3
[05-Sep-2013 12:47:25 UTC] PHP Warning:  file_get_contents(../content/templ/products/head/prod_2.inc) [<a href='function.file-get-contents'>function.file-get-contents</a>]: failed to open stream: No such file or directory in /var/www/web/dev/devel/editor/admin/products_view.inc on line 5
[05-Sep-2013 12:47:25 UTC] PHP Warning:  include(../content/templ/products/prod_2.inc) [<a href='function.include'>function.include</a>]: failed to open stream: No such file or directory in /var/www/web/dev/devel/editor/admin/products_view.inc on line 23
[05-Sep-2013 12:47:25 UTC] PHP Warning:  include() [<a href='function.include'>function.include</a>]: Failed opening '../content/templ/products/prod_2.inc' for inclusion (include_path='.:/var/www/functions:/var/www/include') in /var/www/web/dev/devel/editor/admin/products_view.inc on line 23
[05-Sep-2013 12:50:22 UTC] PHP Warning:  include(../content/templ/pages/page_4.inc) [<a href='function.include'>function.include</a>]: failed to open stream: No such file or directory in /var/www/web/dev/devel/editor/admin/pages_view.inc on line 32
[05-Sep-2013 12:50:22 UTC] PHP Warning:  include() [<a href='function.include'>function.include</a>]: Failed opening '../content/templ/pages/page_4.inc' for inclusion (include_path='.:/var/www/functions:/var/www/include') in /var/www/web/dev/devel/editor/admin/pages_view.inc on line 32
[05-Sep-2013 12:58:21 UTC] PHP Warning:  move_uploaded_file(/var/www/web/dev/devel/editor/admin/transaction/uploads/Elephant Cli.jpg) [<a href='function.move-uploaded-file'>function.move-uploaded-file</a>]: failed to open stream: No such file or directory in /var/www/web/dev/devel/editor/admin/transaction/imagesave.inc on line 15
[05-Sep-2013 12:58:21 UTC] PHP Warning:  move_uploaded_file() [<a href='function.move-uploaded-file'>function.move-uploaded-file</a>]: Unable to move '/tmp/phpkRBMdm' to '/var/www/web/dev/devel/editor/admin/transaction/uploads/Elephant Cli.jpg' in /var/www/web/dev/devel/editor/admin/transaction/imagesave.inc on line 15
[09-Sep-2013 08:57:05 UTC] PHP Warning:  file_get_contents(../content/templ/products/head/def.inc) [<a href='function.file-get-contents'>function.file-get-contents</a>]: failed to open stream: No such file or directory in /var/www/web/dev/devel/editor/admin/list.inc on line 9
[09-Sep-2013 09:49:20 UTC] PHP Warning:  move_uploaded_file() [<a href='function.move-uploaded-file'>function.move-uploaded-file</a>]: The second argument to copy() function cannot be a directory in /var/www/web/dev/devel/editor/admin/transaction/imgupload.inc on line 21
[09-Sep-2013 09:49:20 UTC] PHP Warning:  move_uploaded_file() [<a href='function.move-uploaded-file'>function.move-uploaded-file</a>]: Unable to move '/tmp/phpiqzsu2' to 'uploads/' in /var/www/web/dev/devel/editor/admin/transaction/imgupload.inc on line 21
[09-Sep-2013 10:42:07 UTC] PHP Warning:  rename(lucas.jpg,prod_2) [<a href='function.rename'>function.rename</a>]: No such file or directory in /var/www/web/dev/devel/editor/admin/transaction/imgupload.inc on line 19
[09-Sep-2013 10:42:07 UTC] PHP Warning:  move_uploaded_file() [<a href='function.move-uploaded-file'>function.move-uploaded-file</a>]: The second argument to copy() function cannot be a directory in /var/www/web/dev/devel/editor/admin/transaction/imgupload.inc on line 23
[09-Sep-2013 10:42:07 UTC] PHP Warning:  move_uploaded_file() [<a href='function.move-uploaded-file'>function.move-uploaded-file</a>]: Unable to move '/tmp/phpm91Onr' to 'uploads/' in /var/www/web/dev/devel/editor/admin/transaction/imgupload.inc on line 23
[09-Sep-2013 10:43:26 UTC] PHP Warning:  rename(Elephant Cli.jpg,prod_2.jpg) [<a href='function.rename'>function.rename</a>]: No such file or directory in /var/www/web/dev/devel/editor/admin/transaction/imgupload.inc on line 19
[09-Sep-2013 10:43:26 UTC] PHP Warning:  move_uploaded_file() [<a href='function.move-uploaded-file'>function.move-uploaded-file</a>]: The second argument to copy() function cannot be a directory in /var/www/web/dev/devel/editor/admin/transaction/imgupload.inc on line 23
[09-Sep-2013 10:43:26 UTC] PHP Warning:  move_uploaded_file() [<a href='function.move-uploaded-file'>function.move-uploaded-file</a>]: Unable to move '/tmp/phpjxV6Bv' to 'uploads/' in /var/www/web/dev/devel/editor/admin/transaction/imgupload.inc on line 23
[09-Sep-2013 10:48:32 UTC] PHP Warning:  rename(uploads/Elephant Cli.jpg,uploads/prod_2.jpg) [<a href='function.rename'>function.rename</a>]: No such file or directory in /var/www/web/dev/devel/editor/admin/transaction/imgupload.inc on line 23
[09-Sep-2013 10:48:32 UTC] PHP Warning:  move_uploaded_file() [<a href='function.move-uploaded-file'>function.move-uploaded-file</a>]: Filename cannot be empty in /var/www/web/dev/devel/editor/admin/transaction/imgupload.inc on line 25
[09-Sep-2013 10:48:32 UTC] PHP Warning:  move_uploaded_file() [<a href='function.move-uploaded-file'>function.move-uploaded-file</a>]: Unable to move '/tmp/phpMu2B2u' to '' in /var/www/web/dev/devel/editor/admin/transaction/imgupload.inc on line 25
[09-Sep-2013 11:02:49 UTC] PHP Warning:  file_get_contents(../content/templ/pages/head/page_1.inc) [<a href='function.file-get-contents'>function.file-get-contents</a>]: failed to open stream: No such file or directory in /var/www/web/dev/devel/editor/admin/pages_view.inc on line 8
[09-Sep-2013 11:20:32 UTC] PHP Warning:  include(admin/wideimage/WideImage.php) [<a href='function.include'>function.include</a>]: failed to open stream: No such file or directory in /var/www/web/dev/devel/editor/includes/init.inc on line 8
[09-Sep-2013 11:20:32 UTC] PHP Warning:  include() [<a href='function.include'>function.include</a>]: Failed opening 'admin/wideimage/WideImage.php' for inclusion (include_path='.:/var/www/functions:/var/www/include') in /var/www/web/dev/devel/editor/includes/init.inc on line 8
[09-Sep-2013 11:20:49 UTC] PHP Warning:  include(../admin/wideimage/WideImage.php) [<a href='function.include'>function.include</a>]: failed to open stream: No such file or directory in /var/www/web/dev/devel/editor/includes/init.inc on line 8
[09-Sep-2013 11:20:49 UTC] PHP Warning:  include() [<a href='function.include'>function.include</a>]: Failed opening '../admin/wideimage/WideImage.php' for inclusion (include_path='.:/var/www/functions:/var/www/include') in /var/www/web/dev/devel/editor/includes/init.inc on line 8
[09-Sep-2013 11:21:52 UTC] PHP Fatal error:  Class 'WideImage' not found in /var/www/web/dev/devel/editor/admin/transaction/imgupload.inc on line 28
[09-Sep-2013 11:28:41 UTC] PHP Warning:  rename(../content/images/products/Elephant Cli.jpg,../content/images/products/prod_1image/jpeg) [<a href='function.rename'>function.rename</a>]: No such file or directory in /var/www/web/dev/devel/editor/admin/transaction/imgupload.inc on line 25
[09-Sep-2013 11:28:41 UTC] PHP Warning:  file_get_contents(../content/images/products/prod_1image/jpeg) [<a href='function.file-get-contents'>function.file-get-contents</a>]: failed to open stream: No such file or directory in /var/www/web/dev/devel/editor/admin/includes/wideimage/WideImage.php on line 195
[09-Sep-2013 11:28:41 UTC] PHP Warning:  unpack() [<a href='function.unpack'>function.unpack</a>]: Type c: not enough input, need 1, have 0 in /var/www/web/dev/devel/editor/admin/includes/wideimage/vendor/de77/TGA.php on line 93
[09-Sep-2013 11:28:41 UTC] PHP Fatal error:  Uncaught exception 'WideImage_InvalidImageSourceException' with message 'File '../content/images/products/prod_1image/jpeg' appears to be an invalid image source.' in /var/www/web/dev/devel/editor/admin/includes/wideimage/WideImage.php:226
Stack trace:
#0 [internal function]: WideImage::loadFromFile('../content/imag...')
#1 /var/www/web/dev/devel/editor/admin/includes/wideimage/WideImage.php(184): call_user_func(Array, '../content/imag...')
#2 /var/www/web/dev/devel/editor/admin/transaction/imgupload.inc(28): WideImage::load('../content/imag...')
#3 /var/www/web/dev/devel/editor/admin/transaction.php(3): include('/var/www/web/de...')
#4 {main}
  thrown in /var/www/web/dev/devel/editor/admin/includes/wideimage/WideImage.php on line 226
[09-Sep-2013 12:46:53 UTC] PHP Warning:  include(catlist.inc) [<a href='function.include'>function.include</a>]: failed to open stream: No such file or directory in /var/www/web/dev/devel/editor/admin/index.php on line 20
[09-Sep-2013 12:46:53 UTC] PHP Warning:  include() [<a href='function.include'>function.include</a>]: Failed opening 'catlist.inc' for inclusion (include_path='.:/var/www/functions:/var/www/include') in /var/www/web/dev/devel/editor/admin/index.php on line 20
[09-Sep-2013 13:34:08 UTC] PHP Warning:  file_put_contents(../content/templ/products/cat_2/def.head) [<a href='function.file-put-contents'>function.file-put-contents</a>]: failed to open stream: No such file or directory in /var/www/web/dev/devel/editor/admin/transaction/catsave.inc on line 16
[10-Sep-2013 07:23:48 UTC] PHP Warning:  include(contact_view.inc) [<a href='function.include'>function.include</a>]: failed to open stream: No such file or directory in /var/www/web/dev/devel/editor/admin/index.php on line 17
[10-Sep-2013 07:23:48 UTC] PHP Warning:  include() [<a href='function.include'>function.include</a>]: Failed opening 'contact_view.inc' for inclusion (include_path='.:/var/www/functions:/var/www/include') in /var/www/web/dev/devel/editor/admin/index.php on line 17
[10-Sep-2013 08:29:16 UTC] PHP Warning:  include(transaction/.inc) [<a href='function.include'>function.include</a>]: failed to open stream: No such file or directory in /var/www/web/dev/devel/editor/admin/transaction.php on line 3
[10-Sep-2013 08:29:16 UTC] PHP Warning:  include() [<a href='function.include'>function.include</a>]: Failed opening 'transaction/.inc' for inclusion (include_path='.:/var/www/functions:/var/www/include') in /var/www/web/dev/devel/editor/admin/transaction.php on line 3
[10-Sep-2013 08:32:10 UTC] PHP Warning:  include(transaction/.inc) [<a href='function.include'>function.include</a>]: failed to open stream: No such file or directory in /var/www/web/dev/devel/editor/admin/transaction.php on line 3
[10-Sep-2013 08:32:10 UTC] PHP Warning:  include() [<a href='function.include'>function.include</a>]: Failed opening 'transaction/.inc' for inclusion (include_path='.:/var/www/functions:/var/www/include') in /var/www/web/dev/devel/editor/admin/transaction.php on line 3
[10-Sep-2013 08:32:29 UTC] PHP Warning:  include(transaction/.inc) [<a href='function.include'>function.include</a>]: failed to open stream: No such file or directory in /var/www/web/dev/devel/editor/admin/transaction.php on line 3
[10-Sep-2013 08:32:29 UTC] PHP Warning:  include() [<a href='function.include'>function.include</a>]: Failed opening 'transaction/.inc' for inclusion (include_path='.:/var/www/functions:/var/www/include') in /var/www/web/dev/devel/editor/admin/transaction.php on line 3
[10-Sep-2013 08:32:59 UTC] PHP Warning:  include(transaction/.inc) [<a href='function.include'>function.include</a>]: failed to open stream: No such file or directory in /var/www/web/dev/devel/editor/admin/transaction.php on line 3
[10-Sep-2013 08:32:59 UTC] PHP Warning:  include() [<a href='function.include'>function.include</a>]: Failed opening 'transaction/.inc' for inclusion (include_path='.:/var/www/functions:/var/www/include') in /var/www/web/dev/devel/editor/admin/transaction.php on line 3
[10-Sep-2013 08:36:32 UTC] PHP Warning:  file_put_contents(../content/templ/products/head/prod_1.inc) [<a href='function.file-put-contents'>function.file-put-contents</a>]: failed to open stream: No such file or directory in /var/www/web/dev/devel/editor/admin/transaction/prodsave.inc on line 16
[10-Sep-2013 08:36:40 UTC] PHP Warning:  file_get_contents(../content/templ/products/prod_1.head) [<a href='function.file-get-contents'>function.file-get-contents</a>]: failed to open stream: No such file or directory in /var/www/web/dev/devel/editor/admin/products_view.inc on line 14
[10-Sep-2013 08:51:41 UTC] PHP Warning:  include(../includes/wideimage/WideImage.php) [<a href='function.include'>function.include</a>]: failed to open stream: No such file or directory in /var/www/web/dev/devel/editor/admin/transaction/imgupload.inc on line 3
[10-Sep-2013 08:51:41 UTC] PHP Warning:  include() [<a href='function.include'>function.include</a>]: Failed opening '../includes/wideimage/WideImage.php' for inclusion (include_path='.:/var/www/functions:/var/www/include') in /var/www/web/dev/devel/editor/admin/transaction/imgupload.inc on line 3
[10-Sep-2013 08:51:41 UTC] PHP Warning:  move_uploaded_file(../content/images/$section/cat_2/bulb.jpg) [<a href='function.move-uploaded-file'>function.move-uploaded-file</a>]: failed to open stream: No such file or directory in /var/www/web/dev/devel/editor/admin/transaction/imgupload.inc on line 36
[10-Sep-2013 08:51:41 UTC] PHP Warning:  move_uploaded_file() [<a href='function.move-uploaded-file'>function.move-uploaded-file</a>]: Unable to move '/tmp/php3cGAKb' to '../content/images/$section/cat_2/bulb.jpg' in /var/www/web/dev/devel/editor/admin/transaction/imgupload.inc on line 36
[10-Sep-2013 08:51:41 UTC] PHP Warning:  rename(../content/images/$section/cat_2/bulb.jpg,../content/images/$section/cat_2/prod_1.jpg) [<a href='function.rename'>function.rename</a>]: No such file or directory in /var/www/web/dev/devel/editor/admin/transaction/imgupload.inc on line 39
[10-Sep-2013 08:51:41 UTC] PHP Fatal error:  Class 'WideImage' not found in /var/www/web/dev/devel/editor/admin/transaction/imgupload.inc on line 42
[10-Sep-2013 08:52:13 UTC] PHP Warning:  move_uploaded_file(../content/images/$section/cat_2/bulb.jpg) [<a href='function.move-uploaded-file'>function.move-uploaded-file</a>]: failed to open stream: No such file or directory in /var/www/web/dev/devel/editor/admin/transaction/imgupload.inc on line 36
[10-Sep-2013 08:52:13 UTC] PHP Warning:  move_uploaded_file() [<a href='function.move-uploaded-file'>function.move-uploaded-file</a>]: Unable to move '/tmp/phpDZ2S6C' to '../content/images/$section/cat_2/bulb.jpg' in /var/www/web/dev/devel/editor/admin/transaction/imgupload.inc on line 36
[10-Sep-2013 08:52:13 UTC] PHP Warning:  rename(../content/images/$section/cat_2/bulb.jpg,../content/images/$section/cat_2/prod_1.jpg) [<a href='function.rename'>function.rename</a>]: No such file or directory in /var/www/web/dev/devel/editor/admin/transaction/imgupload.inc on line 39
[10-Sep-2013 08:52:13 UTC] PHP Warning:  file_get_contents(../content/images/$section/cat_2/prod_1.jpg) [<a href='function.file-get-contents'>function.file-get-contents</a>]: failed to open stream: No such file or directory in /var/www/web/dev/devel/editor/admin/includes/wideimage/WideImage.php on line 195
[10-Sep-2013 08:52:13 UTC] PHP Warning:  unpack() [<a href='function.unpack'>function.unpack</a>]: Type c: not enough input, need 1, have 0 in /var/www/web/dev/devel/editor/admin/includes/wideimage/vendor/de77/TGA.php on line 93
[10-Sep-2013 08:52:13 UTC] PHP Fatal error:  Uncaught exception 'WideImage_InvalidImageSourceException' with message 'File '../content/images/$section/cat_2/prod_1.jpg' appears to be an invalid image source.' in /var/www/web/dev/devel/editor/admin/includes/wideimage/WideImage.php:226
Stack trace:
#0 [internal function]: WideImage::loadFromFile('../content/imag...')
#1 /var/www/web/dev/devel/editor/admin/includes/wideimage/WideImage.php(184): call_user_func(Array, '../content/imag...')
#2 /var/www/web/dev/devel/editor/admin/transaction/imgupload.inc(42): WideImage::load('../content/imag...')
#3 /var/www/web/dev/devel/editor/admin/transaction.php(3): include('/var/www/web/de...')
#4 {main}
  thrown in /var/www/web/dev/devel/editor/admin/includes/wideimage/WideImage.php on line 226
[10-Sep-2013 08:52:47 UTC] PHP Warning:  move_uploaded_file(../content/images/products/cat_2/bulb.jpg) [<a href='function.move-uploaded-file'>function.move-uploaded-file</a>]: failed to open stream: Permission denied in /var/www/web/dev/devel/editor/admin/transaction/imgupload.inc on line 36
[10-Sep-2013 08:52:47 UTC] PHP Warning:  move_uploaded_file() [<a href='function.move-uploaded-file'>function.move-uploaded-file</a>]: Unable to move '/tmp/phpGKJGGm' to '../content/images/products/cat_2/bulb.jpg' in /var/www/web/dev/devel/editor/admin/transaction/imgupload.inc on line 36
[10-Sep-2013 08:52:47 UTC] PHP Warning:  rename(../content/images/products/cat_2/bulb.jpg,../content/images/products/cat_2/prod_1.jpg) [<a href='function.rename'>function.rename</a>]: No such file or directory in /var/www/web/dev/devel/editor/admin/transaction/imgupload.inc on line 39
[10-Sep-2013 08:52:47 UTC] PHP Warning:  file_get_contents(../content/images/products/cat_2/prod_1.jpg) [<a href='function.file-get-contents'>function.file-get-contents</a>]: failed to open stream: No such file or directory in /var/www/web/dev/devel/editor/admin/includes/wideimage/WideImage.php on line 195
[10-Sep-2013 08:52:47 UTC] PHP Warning:  unpack() [<a href='function.unpack'>function.unpack</a>]: Type c: not enough input, need 1, have 0 in /var/www/web/dev/devel/editor/admin/includes/wideimage/vendor/de77/TGA.php on line 93
[10-Sep-2013 08:52:47 UTC] PHP Fatal error:  Uncaught exception 'WideImage_InvalidImageSourceException' with message 'File '../content/images/products/cat_2/prod_1.jpg' appears to be an invalid image source.' in /var/www/web/dev/devel/editor/admin/includes/wideimage/WideImage.php:226
Stack trace:
#0 [internal function]: WideImage::loadFromFile('../content/imag...')
#1 /var/www/web/dev/devel/editor/admin/includes/wideimage/WideImage.php(184): call_user_func(Array, '../content/imag...')
#2 /var/www/web/dev/devel/editor/admin/transaction/imgupload.inc(42): WideImage::load('../content/imag...')
#3 /var/www/web/dev/devel/editor/admin/transaction.php(3): include('/var/www/web/de...')
#4 {main}
  thrown in /var/www/web/dev/devel/editor/admin/includes/wideimage/WideImage.php on line 226
[11-Sep-2013 09:19:21 UTC] PHP Warning:  include(contact_view.inc) [<a href='function.include'>function.include</a>]: failed to open stream: No such file or directory in /var/www/web/dev/devel/editor/admin/index.php on line 17
[11-Sep-2013 09:19:21 UTC] PHP Warning:  include() [<a href='function.include'>function.include</a>]: Failed opening 'contact_view.inc' for inclusion (include_path='.:/var/www/functions:/var/www/include') in /var/www/web/dev/devel/editor/admin/index.php on line 17
[12-Sep-2013 07:44:08 UTC] PHP Warning:  move_uploaded_file(../content/tmp/images/products/cat_1_gir.jpg) [<a href='function.move-uploaded-file'>function.move-uploaded-file</a>]: failed to open stream: No such file or directory in /var/www/web/dev/devel/editor/admin/transaction/imgupload.inc on line 39
[12-Sep-2013 07:44:08 UTC] PHP Warning:  move_uploaded_file() [<a href='function.move-uploaded-file'>function.move-uploaded-file</a>]: Unable to move '/tmp/phpzLP0Uy' to '../content/tmp/images/products/cat_1_gir.jpg' in /var/www/web/dev/devel/editor/admin/transaction/imgupload.inc on line 39
[12-Sep-2013 07:44:08 UTC] PHP Warning:  rename(../content/tmp/images/products/cat_1_gir.jpg,prod_1_3.jpg) [<a href='function.rename'>function.rename</a>]: No such file or directory in /var/www/web/dev/devel/editor/admin/transaction/imgupload.inc on line 44
[12-Sep-2013 07:44:08 UTC] PHP Warning:  file_get_contents(prod_1_3.jpg) [<a href='function.file-get-contents'>function.file-get-contents</a>]: failed to open stream: No such file or directory in /var/www/web/dev/devel/editor/admin/includes/wideimage/WideImage.php on line 195
[12-Sep-2013 07:44:08 UTC] PHP Warning:  unpack() [<a href='function.unpack'>function.unpack</a>]: Type c: not enough input, need 1, have 0 in /var/www/web/dev/devel/editor/admin/includes/wideimage/vendor/de77/TGA.php on line 93
[12-Sep-2013 07:44:08 UTC] PHP Fatal error:  Uncaught exception 'WideImage_InvalidImageSourceException' with message 'File 'prod_1_3.jpg' appears to be an invalid image source.' in /var/www/web/dev/devel/editor/admin/includes/wideimage/WideImage.php:226
Stack trace:
#0 [internal function]: WideImage::loadFromFile('prod_1_3.jpg')
#1 /var/www/web/dev/devel/editor/admin/includes/wideimage/WideImage.php(184): call_user_func(Array, 'prod_1_3.jpg')
#2 /var/www/web/dev/devel/editor/admin/transaction/imgupload.inc(47): WideImage::load('prod_1_3.jpg')
#3 /var/www/web/dev/devel/editor/admin/transaction.php(3): include('/var/www/web/de...')
#4 {main}
  thrown in /var/www/web/dev/devel/editor/admin/includes/wideimage/WideImage.php on line 226
[12-Sep-2013 07:47:30 UTC] PHP Warning:  file_get_contents(../content/tmp/images/products/prod_1_3.jpg) [<a href='function.file-get-contents'>function.file-get-contents</a>]: failed to open stream: No such file or directory in /var/www/web/dev/devel/editor/admin/includes/wideimage/WideImage.php on line 195
[12-Sep-2013 07:47:30 UTC] PHP Warning:  unpack() [<a href='function.unpack'>function.unpack</a>]: Type c: not enough input, need 1, have 0 in /var/www/web/dev/devel/editor/admin/includes/wideimage/vendor/de77/TGA.php on line 93
[12-Sep-2013 07:47:30 UTC] PHP Fatal error:  Uncaught exception 'WideImage_InvalidImageSourceException' with message 'File '../content/tmp/images/products/prod_1_3.jpg' appears to be an invalid image source.' in /var/www/web/dev/devel/editor/admin/includes/wideimage/WideImage.php:226
Stack trace:
#0 [internal function]: WideImage::loadFromFile('../content/tmp/...')
#1 /var/www/web/dev/devel/editor/admin/includes/wideimage/WideImage.php(184): call_user_func(Array, '../content/tmp/...')
#2 /var/www/web/dev/devel/editor/admin/transaction/imgupload.inc(47): WideImage::load('../content/tmp/...')
#3 /var/www/web/dev/devel/editor/admin/transaction.php(3): include('/var/www/web/de...')
#4 {main}
  thrown in /var/www/web/dev/devel/editor/admin/includes/wideimage/WideImage.php on line 226
[12-Sep-2013 07:52:11 UTC] PHP Warning:  file_get_contents(../content/tmp/images/products/prod_1_3.jpg) [<a href='function.file-get-contents'>function.file-get-contents</a>]: failed to open stream: No such file or directory in /var/www/web/dev/devel/editor/admin/includes/wideimage/WideImage.php on line 195
[12-Sep-2013 07:52:11 UTC] PHP Warning:  unpack() [<a href='function.unpack'>function.unpack</a>]: Type c: not enough input, need 1, have 0 in /var/www/web/dev/devel/editor/admin/includes/wideimage/vendor/de77/TGA.php on line 93
[12-Sep-2013 07:52:11 UTC] PHP Fatal error:  Uncaught exception 'WideImage_InvalidImageSourceException' with message 'File '../content/tmp/images/products/prod_1_3.jpg' appears to be an invalid image source.' in /var/www/web/dev/devel/editor/admin/includes/wideimage/WideImage.php:226
Stack trace:
#0 [internal function]: WideImage::loadFromFile('../content/tmp/...')
#1 /var/www/web/dev/devel/editor/admin/includes/wideimage/WideImage.php(184): call_user_func(Array, '../content/tmp/...')
#2 /var/www/web/dev/devel/editor/admin/transaction/imgupload.inc(47): WideImage::load('../content/tmp/...')
#3 /var/www/web/dev/devel/editor/admin/transaction.php(3): include('/var/www/web/de...')
#4 {main}
  thrown in /var/www/web/dev/devel/editor/admin/includes/wideimage/WideImage.php on line 226
[12-Sep-2013 08:17:40 UTC] PHP Warning:  file_get_contents(../content/templ/contact/cont_1.head) [<a href='function.file-get-contents'>function.file-get-contents</a>]: failed to open stream: No such file or directory in /var/www/web/dev/devel/editor/admin/contact_view.inc on line 8
[12-Sep-2013 08:20:20 UTC] PHP Warning:  file_get_contents(../content/templ/contact/cont_1.head) [<a href='function.file-get-contents'>function.file-get-contents</a>]: failed to open stream: No such file or directory in /var/www/web/dev/devel/editor/admin/contact_view.inc on line 8
[13-Sep-2013 11:06:31 UTC] PHP Warning:  file_put_contents(../content/templ/pages/head/cont_1.inc) [<a href='function.file-put-contents'>function.file-put-contents</a>]: failed to open stream: No such file or directory in /var/www/web/dev/devel/editor/admin/transaction/pagesave.inc on line 16
[16-Sep-2013 08:12:11 UTC] PHP Warning:  include(transaction/.inc) [<a href='function.include'>function.include</a>]: failed to open stream: No such file or directory in /var/www/web/dev/devel/editor/admin/transaction.php on line 3
[16-Sep-2013 08:12:11 UTC] PHP Warning:  include() [<a href='function.include'>function.include</a>]: Failed opening 'transaction/.inc' for inclusion (include_path='.:/var/www/functions:/var/www/include') in /var/www/web/dev/devel/editor/admin/transaction.php on line 3
[16-Sep-2013 08:31:56 UTC] PHP Warning:  unlink(../content/images/products/cat_2/..) [<a href='function.unlink'>function.unlink</a>]: Is a directory in /var/www/web/dev/devel/editor/admin/transaction/del_prod.inc on line 24
[17-Sep-2013 08:46:10 UTC] PHP Warning:  include(products_list.inc) [<a href='function.include'>function.include</a>]: failed to open stream: No such file or directory in /var/www/web/dev/devel/editor/admin/index.php on line 17
[17-Sep-2013 08:46:10 UTC] PHP Warning:  include() [<a href='function.include'>function.include</a>]: Failed opening 'products_list.inc' for inclusion (include_path='.:/var/www/functions:/var/www/include') in /var/www/web/dev/devel/editor/admin/index.php on line 17
[17-Sep-2013 08:46:17 UTC] PHP Warning:  include(products.inc) [<a href='function.include'>function.include</a>]: failed to open stream: No such file or directory in /var/www/web/dev/devel/editor/admin/index.php on line 17
[17-Sep-2013 08:46:17 UTC] PHP Warning:  include() [<a href='function.include'>function.include</a>]: Failed opening 'products.inc' for inclusion (include_path='.:/var/www/functions:/var/www/include') in /var/www/web/dev/devel/editor/admin/index.php on line 17
[17-Sep-2013 08:46:20 UTC] PHP Warning:  include(products.inc) [<a href='function.include'>function.include</a>]: failed to open stream: No such file or directory in /var/www/web/dev/devel/editor/admin/index.php on line 17
[17-Sep-2013 08:46:20 UTC] PHP Warning:  include() [<a href='function.include'>function.include</a>]: Failed opening 'products.inc' for inclusion (include_path='.:/var/www/functions:/var/www/include') in /var/www/web/dev/devel/editor/admin/index.php on line 17
[17-Sep-2013 08:47:29 UTC] PHP Warning:  include(products.inc) [<a href='function.include'>function.include</a>]: failed to open stream: No such file or directory in /var/www/web/dev/devel/editor/admin/index.php on line 17
[17-Sep-2013 08:47:29 UTC] PHP Warning:  include() [<a href='function.include'>function.include</a>]: Failed opening 'products.inc' for inclusion (include_path='.:/var/www/functions:/var/www/include') in /var/www/web/dev/devel/editor/admin/index.php on line 17
[17-Sep-2013 08:47:57 UTC] PHP Warning:  include(pages.inc) [<a href='function.include'>function.include</a>]: failed to open stream: No such file or directory in /var/www/web/dev/devel/editor/admin/index.php on line 17
[17-Sep-2013 08:47:57 UTC] PHP Warning:  include() [<a href='function.include'>function.include</a>]: Failed opening 'pages.inc' for inclusion (include_path='.:/var/www/functions:/var/www/include') in /var/www/web/dev/devel/editor/admin/index.php on line 17
[17-Sep-2013 08:49:03 UTC] PHP Warning:  include(products.inc) [<a href='function.include'>function.include</a>]: failed to open stream: No such file or directory in /var/www/web/dev/devel/editor/admin/index.php on line 17
[17-Sep-2013 08:49:03 UTC] PHP Warning:  include() [<a href='function.include'>function.include</a>]: Failed opening 'products.inc' for inclusion (include_path='.:/var/www/functions:/var/www/include') in /var/www/web/dev/devel/editor/admin/index.php on line 17
[17-Sep-2013 10:19:20 UTC] PHP Warning:  mkdir() [<a href='function.mkdir'>function.mkdir</a>]: File exists in /var/www/web/dev/devel/editor/admin/transaction/catsave.inc on line 22
[17-Sep-2013 10:19:20 UTC] PHP Warning:  chmod() [<a href='function.chmod'>function.chmod</a>]: Operation not permitted in /var/www/web/dev/devel/editor/admin/transaction/catsave.inc on line 23
[17-Sep-2013 10:19:20 UTC] PHP Warning:  mkdir() [<a href='function.mkdir'>function.mkdir</a>]: File exists in /var/www/web/dev/devel/editor/admin/transaction/catsave.inc on line 25
[17-Sep-2013 10:19:20 UTC] PHP Warning:  chmod() [<a href='function.chmod'>function.chmod</a>]: Operation not permitted in /var/www/web/dev/devel/editor/admin/transaction/catsave.inc on line 26
[17-Sep-2013 10:19:20 UTC] PHP Warning:  file_put_contents(../content/templ/products/cat_3/def.head) [<a href='function.file-put-contents'>function.file-put-contents</a>]: failed to open stream: No such file or directory in /var/www/web/dev/devel/editor/admin/transaction/catsave.inc on line 34
[17-Sep-2013 10:19:58 UTC] PHP Warning:  mkdir() [<a href='function.mkdir'>function.mkdir</a>]: File exists in /var/www/web/dev/devel/editor/admin/transaction/catsave.inc on line 22
[17-Sep-2013 10:19:58 UTC] PHP Warning:  chmod() [<a href='function.chmod'>function.chmod</a>]: Operation not permitted in /var/www/web/dev/devel/editor/admin/transaction/catsave.inc on line 23
[17-Sep-2013 10:19:58 UTC] PHP Warning:  mkdir() [<a href='function.mkdir'>function.mkdir</a>]: File exists in /var/www/web/dev/devel/editor/admin/transaction/catsave.inc on line 25
[17-Sep-2013 10:19:58 UTC] PHP Warning:  chmod() [<a href='function.chmod'>function.chmod</a>]: Operation not permitted in /var/www/web/dev/devel/editor/admin/transaction/catsave.inc on line 26
[17-Sep-2013 10:19:58 UTC] PHP Warning:  file_put_contents(../content/templ/products/cat_3/def.head) [<a href='function.file-put-contents'>function.file-put-contents</a>]: failed to open stream: No such file or directory in /var/www/web/dev/devel/editor/admin/transaction/catsave.inc on line 34
[17-Sep-2013 10:21:32 UTC] PHP Warning:  mkdir() [<a href='function.mkdir'>function.mkdir</a>]: File exists in /var/www/web/dev/devel/editor/admin/transaction/catsave.inc on line 22
[17-Sep-2013 10:21:32 UTC] PHP Warning:  chmod() [<a href='function.chmod'>function.chmod</a>]: Operation not permitted in /var/www/web/dev/devel/editor/admin/transaction/catsave.inc on line 23
[17-Sep-2013 10:21:32 UTC] PHP Warning:  mkdir() [<a href='function.mkdir'>function.mkdir</a>]: File exists in /var/www/web/dev/devel/editor/admin/transaction/catsave.inc on line 25
[17-Sep-2013 10:21:32 UTC] PHP Warning:  chmod() [<a href='function.chmod'>function.chmod</a>]: Operation not permitted in /var/www/web/dev/devel/editor/admin/transaction/catsave.inc on line 26
[17-Sep-2013 10:21:32 UTC] PHP Warning:  file_put_contents(../content/templ/products/cat_3/def.head) [<a href='function.file-put-contents'>function.file-put-contents</a>]: failed to open stream: No such file or directory in /var/www/web/dev/devel/editor/admin/transaction/catsave.inc on line 34
[19-Sep-2013 13:30:32 UTC] PHP Warning:  include(includes/settings.inc): failed to open stream: No such file or directory in /var/www/web/editor/demo/includes/init.inc on line 4
[19-Sep-2013 13:30:32 UTC] PHP Warning:  include(): Failed opening 'includes/settings.inc' for inclusion (include_path='.:/var/www/functions:/var/www/include') in /var/www/web/editor/demo/includes/init.inc on line 4
[19-Sep-2013 13:30:34 UTC] PHP Warning:  include(includes/settings.inc): failed to open stream: No such file or directory in /var/www/web/editor/demo/includes/init.inc on line 4
[19-Sep-2013 13:30:34 UTC] PHP Warning:  include(): Failed opening 'includes/settings.inc' for inclusion (include_path='.:/var/www/functions:/var/www/include') in /var/www/web/editor/demo/includes/init.inc on line 4
[19-Sep-2013 13:30:35 UTC] PHP Warning:  include(includes/settings.inc): failed to open stream: No such file or directory in /var/www/web/editor/demo/includes/init.inc on line 4
[19-Sep-2013 13:30:35 UTC] PHP Warning:  include(): Failed opening 'includes/settings.inc' for inclusion (include_path='.:/var/www/functions:/var/www/include') in /var/www/web/editor/demo/includes/init.inc on line 4
[19-Sep-2013 13:30:41 UTC] PHP Warning:  include(includes/settings.inc): failed to open stream: No such file or directory in /var/www/web/editor/demo/includes/init.inc on line 4
[19-Sep-2013 13:30:41 UTC] PHP Warning:  include(): Failed opening 'includes/settings.inc' for inclusion (include_path='.:/var/www/functions:/var/www/include') in /var/www/web/editor/demo/includes/init.inc on line 4
[19-Sep-2013 13:30:42 UTC] PHP Warning:  include(includes/settings.inc): failed to open stream: No such file or directory in /var/www/web/editor/demo/includes/init.inc on line 4
[19-Sep-2013 13:30:42 UTC] PHP Warning:  include(): Failed opening 'includes/settings.inc' for inclusion (include_path='.:/var/www/functions:/var/www/include') in /var/www/web/editor/demo/includes/init.inc on line 4
